{"logTime": "1009/101608", "correlationVector":"eX9/xwPxAhywiscC0O1MMJ.1","action":"SyncServerConnectionManagerRequest", "result":"SYNC_SERVER_OK", "context":{"environment":"Prod_SoutheastAsia_000j", "migrationStage":"MigrationComplete", "server":"GENERAL01000007"}}
{"logTime": "1009/101609", "correlationVector":"p4nnNyiLVvpixamCgnYXGJ","action":"SyncServerConnectionManagerRequest", "result":"SYNC_SERVER_OK", "context":{"environment":"", "migrationStage":"", "server":""}}
{"logTime": "1009/101609", "correlationVector":"eX9/xwPxAhywiscC0O1MMJ","action":"Initial GetUpdates", "result":"", "context":Reason: NEW_CLIENT. cV=eX9/xwPxAhywiscC0O1MMJ}
{"logTime": "1009/101609", "correlationVector":"eX9/xwPxAhywiscC0O1MMJ.2","action":"GetUpdates Response", "result":"Success", "context":Received 1 update(s). cV=eX9/xwPxAhywiscC0O1MMJ.0;server=GENERAL01000007;cloudType=Consumer;environment=Prod_SoutheastAsia_000j;migrationStage=MigrationComplete}
{"logTime": "1009/101609", "correlationVector":"ipJVQO5EgLho7Av1G631kE","action":"Initial GetUpdates", "result":"", "context":Reason: NEWLY_SUPPORTED_DATATYPE. cV=ipJVQO5EgLho7Av1G631kE}
{"logTime": "1009/101609", "correlationVector":"ipJVQO5EgLho7Av1G631kE.1","action":"SyncServerConnectionManagerRequest", "result":"SYNC_SERVER_OK", "context":{"environment":"Prod_SoutheastAsia_000j", "migrationStage":"MigrationComplete", "server":"GENERAL03000026"}}
{"logTime": "1009/101609", "correlationVector":"ipJVQO5EgLho7Av1G631kE.2","action":"GetUpdates", "result":"DeleteReceived", "context":{"id":"064c532c-d6c8-4c75-a673-bac9b6317274", "isDeleted:":"true", "version":"1725590637039"}}
{"logTime": "1009/101609", "correlationVector":"ipJVQO5EgLho7Av1G631kE.3","action":"GetUpdates Response", "result":"Success", "context":Received 66 update(s). cV=ipJVQO5EgLho7Av1G631kE.0;server=GENERAL03000026;cloudType=Consumer;environment=Prod_SoutheastAsia_000j;migrationStage=MigrationComplete}
{"logTime": "1009/101609", "correlationVector":"sYLt7RfH1HiANFqJOn9cAT","action":"Initial GetUpdates", "result":"", "context":Reason: NEWLY_SUPPORTED_DATATYPE. cV=sYLt7RfH1HiANFqJOn9cAT}
{"logTime": "1009/101610", "correlationVector":"sYLt7RfH1HiANFqJOn9cAT.1","action":"SyncServerConnectionManagerRequest", "result":"SYNC_SERVER_OK", "context":{"environment":"Prod_SoutheastAsia_000j", "migrationStage":"NotStarted", "server":"GENERAL0300002X"}}
{"logTime": "1009/101610", "correlationVector":"sYLt7RfH1HiANFqJOn9cAT.2","action":"GetUpdates Response", "result":"Success", "context":Received 5 update(s). cV=sYLt7RfH1HiANFqJOn9cAT.0;server=GENERAL0300002X;cloudType=Consumer;environment=Prod_SoutheastAsia_000j;migrationStage=NotStarted}
{"logTime": "1009/101610", "correlationVector":"R8VDDmx7rUmc7iZlm3kZHz","action":"Initial GetUpdates", "result":"", "context":Reason: NEWLY_SUPPORTED_DATATYPE. cV=R8VDDmx7rUmc7iZlm3kZHz}
{"logTime": "1009/101610", "correlationVector":"R8VDDmx7rUmc7iZlm3kZHz.1","action":"SyncServerConnectionManagerRequest", "result":"SYNC_SERVER_OK", "context":{"environment":"Prod_SoutheastAsia_000j", "migrationStage":"MigrationComplete", "server":"GENERAL0300002V"}}
{"logTime": "1009/101610", "correlationVector":"R8VDDmx7rUmc7iZlm3kZHz.2","action":"GetUpdates", "result":"DeleteReceived", "context":{"id":"26c3d4e7-b69d-409d-8338-55dc9cb4f14c", "isDeleted:":"true", "version":"1721357447283"}}
{"logTime": "1009/101610", "correlationVector":"R8VDDmx7rUmc7iZlm3kZHz.3","action":"GetUpdates", "result":"DeleteReceived", "context":{"id":"3fba8777-2270-4d92-bfa7-8fc9d86c72cd", "isDeleted:":"true", "version":"1721357447284"}}
{"logTime": "1009/101610", "correlationVector":"R8VDDmx7rUmc7iZlm3kZHz.4","action":"GetUpdates", "result":"DeleteReceived", "context":{"id":"01dc7aa0-5048-41ce-8010-706b44bae47f", "isDeleted:":"true", "version":"1721357450353"}}
{"logTime": "1009/101610", "correlationVector":"R8VDDmx7rUmc7iZlm3kZHz.5","action":"GetUpdates", "result":"DeleteReceived", "context":{"id":"2c207138-37e1-43ee-a337-613eec0bf4ad", "isDeleted:":"true", "version":"1721357450355"}}
{"logTime": "1009/101610", "correlationVector":"R8VDDmx7rUmc7iZlm3kZHz.6","action":"GetUpdates", "result":"DeleteReceived", "context":{"id":"7a31b738-96c2-4053-b6a9-6b57369f7fed", "isDeleted:":"true", "version":"1721357553578"}}
{"logTime": "1009/101610", "correlationVector":"R8VDDmx7rUmc7iZlm3kZHz.7","action":"GetUpdates", "result":"DeleteReceived", "context":{"id":"9a33f387-2c20-4489-8ee7-47fbcfd82bee", "isDeleted:":"true", "version":"1721821840883"}}
{"logTime": "1009/101610", "correlationVector":"R8VDDmx7rUmc7iZlm3kZHz.8","action":"GetUpdates", "result":"DeleteReceived", "context":{"id":"cb6946f3-6d39-48a7-ab04-b615f548c2d7", "isDeleted:":"true", "version":"1721931568568"}}
{"logTime": "1009/101610", "correlationVector":"R8VDDmx7rUmc7iZlm3kZHz.9","action":"GetUpdates", "result":"DeleteReceived", "context":{"id":"8baf93e8-aeef-4e8e-bc42-75928663c6e4", "isDeleted:":"true", "version":"1723048172503"}}
{"logTime": "1009/101610", "correlationVector":"R8VDDmx7rUmc7iZlm3kZHz.10","action":"GetUpdates", "result":"DeleteReceived", "context":{"id":"cf4a6c02-9ac0-417c-891b-0099360fabf6", "isDeleted:":"true", "version":"1723048172505"}}
{"logTime": "1009/101610", "correlationVector":"R8VDDmx7rUmc7iZlm3kZHz.11","action":"GetUpdates", "result":"DeleteReceived", "context":{"id":"9b4ac15c-0d30-4bbe-87e0-c4229cab772e", "isDeleted:":"true", "version":"1723048172506"}}
{"logTime": "1009/101610", "correlationVector":"R8VDDmx7rUmc7iZlm3kZHz.12","action":"GetUpdates", "result":"DeleteReceived", "context":{"id":"4a3664a1-f74a-41e0-af63-7e329baf202c", "isDeleted:":"true", "version":"1723048172507"}}
{"logTime": "1009/101610", "correlationVector":"R8VDDmx7rUmc7iZlm3kZHz.13","action":"GetUpdates", "result":"DeleteReceived", "context":{"id":"e01c85d0-f53b-4bf3-9458-2b6b830141e0", "isDeleted:":"true", "version":"1723048172508"}}
{"logTime": "1009/101610", "correlationVector":"R8VDDmx7rUmc7iZlm3kZHz.14","action":"GetUpdates", "result":"DeleteReceived", "context":{"id":"d3993b5b-0158-4bbd-bccc-e2f55e3aeba1", "isDeleted:":"true", "version":"1723048172509"}}
{"logTime": "1009/101610", "correlationVector":"R8VDDmx7rUmc7iZlm3kZHz.15","action":"GetUpdates", "result":"DeleteReceived", "context":{"id":"76f2ff1c-d416-4eba-ad24-8e912b84fede", "isDeleted:":"true", "version":"1723048172510"}}
{"logTime": "1009/101610", "correlationVector":"R8VDDmx7rUmc7iZlm3kZHz.16","action":"GetUpdates", "result":"DeleteReceived", "context":{"id":"704b5e29-d6a0-4f3c-b37d-f17d927d192c", "isDeleted:":"true", "version":"1723048172511"}}
{"logTime": "1009/101610", "correlationVector":"R8VDDmx7rUmc7iZlm3kZHz.17","action":"GetUpdates", "result":"DeleteReceived", "context":{"id":"20b3854f-bae2-4305-a2b7-6d26bbe22eef", "isDeleted:":"true", "version":"1723048172512"}}
{"logTime": "1009/101610", "correlationVector":"R8VDDmx7rUmc7iZlm3kZHz.18","action":"GetUpdates", "result":"DeleteReceived", "context":{"id":"b6e69449-cb94-4b97-aead-c24437b2316b", "isDeleted:":"true", "version":"1723048172514"}}
{"logTime": "1009/101610", "correlationVector":"R8VDDmx7rUmc7iZlm3kZHz.19","action":"GetUpdates", "result":"DeleteReceived", "context":{"id":"f50310e6-0e97-451b-ad94-02d7fa7a7935", "isDeleted:":"true", "version":"1723048172515"}}
{"logTime": "1009/101610", "correlationVector":"R8VDDmx7rUmc7iZlm3kZHz.20","action":"GetUpdates", "result":"DeleteReceived", "context":{"id":"50426714-227b-4ef5-ab6f-73ebc549172b", "isDeleted:":"true", "version":"1723048172516"}}
{"logTime": "1009/101610", "correlationVector":"R8VDDmx7rUmc7iZlm3kZHz.21","action":"GetUpdates", "result":"DeleteReceived", "context":{"id":"074277d8-6119-4869-8bef-d6f6738442c9", "isDeleted:":"true", "version":"1723048957293"}}
{"logTime": "1009/101610", "correlationVector":"R8VDDmx7rUmc7iZlm3kZHz.22","action":"GetUpdates", "result":"DeleteReceived", "context":{"id":"89edfc0e-a6f5-48e8-b049-48f96945baed", "isDeleted:":"true", "version":"1723048957295"}}
{"logTime": "1009/101610", "correlationVector":"R8VDDmx7rUmc7iZlm3kZHz.23","action":"GetUpdates", "result":"DeleteReceived", "context":{"id":"6ce51295-40bb-4810-9a6b-adcb6ae33b50", "isDeleted:":"true", "version":"1723050767428"}}
{"logTime": "1009/101610", "correlationVector":"R8VDDmx7rUmc7iZlm3kZHz.24","action":"GetUpdates", "result":"DeleteReceived", "context":{"id":"c53a50b5-a56f-41c2-8dae-93d49f455446", "isDeleted:":"true", "version":"1723115481129"}}
{"logTime": "1009/101610", "correlationVector":"R8VDDmx7rUmc7iZlm3kZHz.25","action":"GetUpdates", "result":"DeleteReceived", "context":{"id":"d93d0529-3dfb-4817-8cfb-a294cdc692ff", "isDeleted:":"true", "version":"1723115584781"}}
{"logTime": "1009/101610", "correlationVector":"R8VDDmx7rUmc7iZlm3kZHz.26","action":"GetUpdates", "result":"DeleteReceived", "context":{"id":"7b7d21f1-4790-4475-9948-697f09960ddf", "isDeleted:":"true", "version":"1723115584782"}}
{"logTime": "1009/101610", "correlationVector":"R8VDDmx7rUmc7iZlm3kZHz.27","action":"GetUpdates", "result":"DeleteReceived", "context":{"id":"6e78f323-8c64-4076-8d29-a5910a1a640f", "isDeleted:":"true", "version":"1723116923183"}}
{"logTime": "1009/101610", "correlationVector":"R8VDDmx7rUmc7iZlm3kZHz.28","action":"GetUpdates", "result":"DeleteReceived", "context":{"id":"af31d0aa-f730-4522-90a2-42d75437c275", "isDeleted:":"true", "version":"1723118637882"}}
{"logTime": "1009/101610", "correlationVector":"R8VDDmx7rUmc7iZlm3kZHz.29","action":"GetUpdates", "result":"DeleteReceived", "context":{"id":"6d92ad4a-a6b1-4d60-9a41-b3072aa0402b", "isDeleted:":"true", "version":"1723118690640"}}
{"logTime": "1009/101610", "correlationVector":"R8VDDmx7rUmc7iZlm3kZHz.30","action":"GetUpdates", "result":"DeleteReceived", "context":{"id":"97e9cdfc-102f-4a8c-a2fb-d511b42f041b", "isDeleted:":"true", "version":"1723118690641"}}
{"logTime": "1009/101610", "correlationVector":"R8VDDmx7rUmc7iZlm3kZHz.31","action":"GetUpdates", "result":"DeleteReceived", "context":{"id":"b9d8f393-0549-4899-8f3a-1ea92f203299", "isDeleted:":"true", "version":"1723118690642"}}
{"logTime": "1009/101610", "correlationVector":"R8VDDmx7rUmc7iZlm3kZHz.32","action":"GetUpdates", "result":"DeleteReceived", "context":{"id":"d15d1b4d-e5e8-48e2-9e6f-01003c220724", "isDeleted:":"true", "version":"1723118690646"}}
{"logTime": "1009/101610", "correlationVector":"R8VDDmx7rUmc7iZlm3kZHz.33","action":"GetUpdates", "result":"DeleteReceived", "context":{"id":"45562257-321b-49f3-9236-48e7a01dfefd", "isDeleted:":"true", "version":"1723118690647"}}
{"logTime": "1009/101610", "correlationVector":"R8VDDmx7rUmc7iZlm3kZHz.34","action":"GetUpdates", "result":"DeleteReceived", "context":{"id":"d8db000e-b4ba-444e-b661-33c433fc0269", "isDeleted:":"true", "version":"1723118690648"}}
{"logTime": "1009/101610", "correlationVector":"R8VDDmx7rUmc7iZlm3kZHz.35","action":"GetUpdates", "result":"DeleteReceived", "context":{"id":"09ad08db-fe5c-497b-9f62-0981ede00ecd", "isDeleted:":"true", "version":"1723118690650"}}
{"logTime": "1009/101610", "correlationVector":"R8VDDmx7rUmc7iZlm3kZHz.36","action":"GetUpdates", "result":"DeleteReceived", "context":{"id":"2d5762cb-e07d-4b56-ae25-4e5e17a1b21a", "isDeleted:":"true", "version":"1723118690651"}}
{"logTime": "1009/101610", "correlationVector":"R8VDDmx7rUmc7iZlm3kZHz.37","action":"GetUpdates", "result":"DeleteReceived", "context":{"id":"f82d5310-be50-4e81-a007-fa1025838412", "isDeleted:":"true", "version":"1723118690654"}}
{"logTime": "1009/101610", "correlationVector":"R8VDDmx7rUmc7iZlm3kZHz.38","action":"GetUpdates", "result":"DeleteReceived", "context":{"id":"fa8d0968-bdc3-487b-803d-07c531c89853", "isDeleted:":"true", "version":"1723118690655"}}
{"logTime": "1009/101610", "correlationVector":"R8VDDmx7rUmc7iZlm3kZHz.39","action":"GetUpdates", "result":"DeleteReceived", "context":{"id":"9fa6e173-8754-442e-9739-e93fd169b986", "isDeleted:":"true", "version":"1723118690656"}}
{"logTime": "1009/101610", "correlationVector":"R8VDDmx7rUmc7iZlm3kZHz.40","action":"GetUpdates", "result":"DeleteReceived", "context":{"id":"d963b521-899a-4947-a381-18551d98c747", "isDeleted:":"true", "version":"1723200681341"}}
{"logTime": "1009/101610", "correlationVector":"R8VDDmx7rUmc7iZlm3kZHz.41","action":"GetUpdates", "result":"DeleteReceived", "context":{"id":"d1abc06c-a3f5-4e57-a9f3-76b01f79e245", "isDeleted:":"true", "version":"1723219469054"}}
{"logTime": "1009/101610", "correlationVector":"R8VDDmx7rUmc7iZlm3kZHz.42","action":"GetUpdates", "result":"DeleteReceived", "context":{"id":"e756ded3-ea99-4bde-ac05-e41380efcef8", "isDeleted:":"true", "version":"1723219469055"}}
{"logTime": "1009/101610", "correlationVector":"R8VDDmx7rUmc7iZlm3kZHz.43","action":"GetUpdates", "result":"DeleteReceived", "context":{"id":"c614d426-f469-47a9-814a-4a2942aeaf2b", "isDeleted:":"true", "version":"1723219469056"}}
{"logTime": "1009/101610", "correlationVector":"R8VDDmx7rUmc7iZlm3kZHz.44","action":"GetUpdates", "result":"DeleteReceived", "context":{"id":"00b40dcb-f090-4f61-a33c-aaecfcbe4fcd", "isDeleted:":"true", "version":"1723219469057"}}
{"logTime": "1009/101610", "correlationVector":"R8VDDmx7rUmc7iZlm3kZHz.45","action":"GetUpdates", "result":"DeleteReceived", "context":{"id":"3081edd9-f507-4ad8-8ee6-1e702cdc5120", "isDeleted:":"true", "version":"1723219469058"}}
{"logTime": "1009/101610", "correlationVector":"R8VDDmx7rUmc7iZlm3kZHz.46","action":"GetUpdates", "result":"DeleteReceived", "context":{"id":"4c7c0bb3-c69f-4765-a754-d39c45dc8097", "isDeleted:":"true", "version":"1723219469059"}}
{"logTime": "1009/101610", "correlationVector":"R8VDDmx7rUmc7iZlm3kZHz.47","action":"GetUpdates", "result":"DeleteReceived", "context":{"id":"fc75b575-ba4e-4daf-982b-8e455d6e9423", "isDeleted:":"true", "version":"1723219469060"}}
{"logTime": "1009/101610", "correlationVector":"R8VDDmx7rUmc7iZlm3kZHz.48","action":"GetUpdates", "result":"DeleteReceived", "context":{"id":"abc0cb8f-9584-4805-b491-d3b56abad53a", "isDeleted:":"true", "version":"1723219469061"}}
{"logTime": "1009/101610", "correlationVector":"R8VDDmx7rUmc7iZlm3kZHz.49","action":"GetUpdates", "result":"DeleteReceived", "context":{"id":"4cc08ace-9c93-4aae-b9ad-56129b187f7b", "isDeleted:":"true", "version":"1723219469062"}}
{"logTime": "1009/101610", "correlationVector":"R8VDDmx7rUmc7iZlm3kZHz.50","action":"GetUpdates", "result":"DeleteReceived", "context":{"id":"3d2e56f6-a60d-42d0-8147-e490477522c5", "isDeleted:":"true", "version":"1723219469064"}}
{"logTime": "1009/101610", "correlationVector":"R8VDDmx7rUmc7iZlm3kZHz.51","action":"GetUpdates", "result":"DeleteReceived", "context":{"id":"4f8c5f85-23f9-445d-b09c-59c008bbdd93", "isDeleted:":"true", "version":"1723219469065"}}
{"logTime": "1009/101610", "correlationVector":"R8VDDmx7rUmc7iZlm3kZHz.52","action":"GetUpdates", "result":"DeleteReceived", "context":{"id":"9924652a-0957-4ec1-9928-a15ab7e4025c", "isDeleted:":"true", "version":"1723219469066"}}
{"logTime": "1009/101610", "correlationVector":"R8VDDmx7rUmc7iZlm3kZHz.53","action":"GetUpdates", "result":"DeleteReceived", "context":{"id":"0d1b53db-519d-4eb0-a9e5-d8ca086d92b2", "isDeleted:":"true", "version":"1723224723843"}}
{"logTime": "1009/101610", "correlationVector":"R8VDDmx7rUmc7iZlm3kZHz.54","action":"GetUpdates", "result":"DeleteReceived", "context":{"id":"a3041269-0ecd-42a3-870c-62f7fe671698", "isDeleted:":"true", "version":"1723224723845"}}
{"logTime": "1009/101610", "correlationVector":"R8VDDmx7rUmc7iZlm3kZHz.55","action":"GetUpdates", "result":"DeleteReceived", "context":{"id":"1f2688e6-c9a6-4a51-9e6b-bd1fed53085c", "isDeleted:":"true", "version":"1723224723846"}}
{"logTime": "1009/101610", "correlationVector":"R8VDDmx7rUmc7iZlm3kZHz.56","action":"GetUpdates", "result":"DeleteReceived", "context":{"id":"67343497-3afd-466c-b1ac-bfb491dc001a", "isDeleted:":"true", "version":"1723224723847"}}
{"logTime": "1009/101610", "correlationVector":"R8VDDmx7rUmc7iZlm3kZHz.57","action":"GetUpdates", "result":"DeleteReceived", "context":{"id":"a39b151e-acc6-4740-b53a-4cc0de30d96f", "isDeleted:":"true", "version":"1723224723848"}}
{"logTime": "1009/101610", "correlationVector":"R8VDDmx7rUmc7iZlm3kZHz.58","action":"GetUpdates", "result":"DeleteReceived", "context":{"id":"26eb8276-0ef1-472d-b8f8-82800bbd73cb", "isDeleted:":"true", "version":"1723279354934"}}
{"logTime": "1009/101610", "correlationVector":"R8VDDmx7rUmc7iZlm3kZHz.59","action":"GetUpdates", "result":"DeleteReceived", "context":{"id":"ff83a41f-b716-4276-a13e-027e92958f13", "isDeleted:":"true", "version":"1723279354935"}}
{"logTime": "1009/101610", "correlationVector":"R8VDDmx7rUmc7iZlm3kZHz.60","action":"GetUpdates", "result":"DeleteReceived", "context":{"id":"572fc473-cba3-4e06-a878-a43b3e2116ad", "isDeleted:":"true", "version":"1723279354936"}}
{"logTime": "1009/101610", "correlationVector":"R8VDDmx7rUmc7iZlm3kZHz.61","action":"GetUpdates", "result":"DeleteReceived", "context":{"id":"350b3887-dcc5-4e03-bc52-ec79de109204", "isDeleted:":"true", "version":"1723279354937"}}
{"logTime": "1009/101610", "correlationVector":"R8VDDmx7rUmc7iZlm3kZHz.62","action":"GetUpdates", "result":"DeleteReceived", "context":{"id":"b18b2837-b99b-4ae8-baf6-60e18e727a9b", "isDeleted:":"true", "version":"1723279354938"}}
{"logTime": "1009/101610", "correlationVector":"R8VDDmx7rUmc7iZlm3kZHz.63","action":"GetUpdates", "result":"DeleteReceived", "context":{"id":"c8833293-c36c-4bc2-9a50-8332dc2510da", "isDeleted:":"true", "version":"1723279354940"}}
{"logTime": "1009/101610", "correlationVector":"R8VDDmx7rUmc7iZlm3kZHz.64","action":"GetUpdates", "result":"DeleteReceived", "context":{"id":"79d3bf48-5ab8-4ec7-9c64-193043724cc6", "isDeleted:":"true", "version":"1723279354941"}}
{"logTime": "1009/101610", "correlationVector":"R8VDDmx7rUmc7iZlm3kZHz.65","action":"GetUpdates", "result":"DeleteReceived", "context":{"id":"3feeb63d-35be-4da9-a6cd-2fd20e8db9c0", "isDeleted:":"true", "version":"1723279354943"}}
{"logTime": "1009/101610", "correlationVector":"R8VDDmx7rUmc7iZlm3kZHz.66","action":"GetUpdates", "result":"DeleteReceived", "context":{"id":"922d345c-11cf-4145-96d5-1eef9d571891", "isDeleted:":"true", "version":"1724332651042"}}
{"logTime": "1009/101610", "correlationVector":"R8VDDmx7rUmc7iZlm3kZHz.67","action":"GetUpdates", "result":"DeleteReceived", "context":{"id":"7a5ee2df-3df9-4a9c-a664-6d4afcfd438a", "isDeleted:":"true", "version":"1724335026466"}}
{"logTime": "1009/101610", "correlationVector":"R8VDDmx7rUmc7iZlm3kZHz.68","action":"GetUpdates", "result":"DeleteReceived", "context":{"id":"b7a328dc-75b5-4a48-9686-a86f93c025f1", "isDeleted:":"true", "version":"1724335026467"}}
{"logTime": "1009/101610", "correlationVector":"R8VDDmx7rUmc7iZlm3kZHz.69","action":"GetUpdates", "result":"DeleteReceived", "context":{"id":"3c74f293-8c45-4640-b561-fe4cab24f313", "isDeleted:":"true", "version":"1724335026472"}}
{"logTime": "1009/101610", "correlationVector":"R8VDDmx7rUmc7iZlm3kZHz.70","action":"GetUpdates", "result":"DeleteReceived", "context":{"id":"5e9ba298-0003-4879-ada2-b23e099472fe", "isDeleted:":"true", "version":"1724335026473"}}
{"logTime": "1009/101610", "correlationVector":"R8VDDmx7rUmc7iZlm3kZHz.71","action":"GetUpdates", "result":"DeleteReceived", "context":{"id":"4178f9b4-6021-4dc2-aa13-9853e1c13911", "isDeleted:":"true", "version":"1724335306533"}}
{"logTime": "1009/101610", "correlationVector":"R8VDDmx7rUmc7iZlm3kZHz.72","action":"GetUpdates", "result":"DeleteReceived", "context":{"id":"7ebad99e-6891-4de8-a5a2-3f5b6f350c8e", "isDeleted:":"true", "version":"1724338174712"}}
{"logTime": "1009/101610", "correlationVector":"R8VDDmx7rUmc7iZlm3kZHz.73","action":"GetUpdates", "result":"DeleteReceived", "context":{"id":"005de151-25ba-4233-8016-d900128ec276", "isDeleted:":"true", "version":"1724583774241"}}
{"logTime": "1009/101610", "correlationVector":"R8VDDmx7rUmc7iZlm3kZHz.74","action":"GetUpdates", "result":"DeleteReceived", "context":{"id":"30dd35ea-d439-4c87-92fb-6526aeeac7f0", "isDeleted:":"true", "version":"1724583774242"}}
{"logTime": "1009/101610", "correlationVector":"R8VDDmx7rUmc7iZlm3kZHz.75","action":"GetUpdates", "result":"DeleteReceived", "context":{"id":"c4d4c221-75f9-4331-b3b1-9519aafa555c", "isDeleted:":"true", "version":"1724583774243"}}
{"logTime": "1009/101610", "correlationVector":"R8VDDmx7rUmc7iZlm3kZHz.76","action":"GetUpdates", "result":"DeleteReceived", "context":{"id":"fc1a42ef-8645-44e5-a209-910afc841447", "isDeleted:":"true", "version":"1724583774245"}}
{"logTime": "1009/101610", "correlationVector":"R8VDDmx7rUmc7iZlm3kZHz.77","action":"GetUpdates", "result":"DeleteReceived", "context":{"id":"0a44b5e4-71bf-4bce-b352-50e0c48d801c", "isDeleted:":"true", "version":"1725328814820"}}
{"logTime": "1009/101610", "correlationVector":"R8VDDmx7rUmc7iZlm3kZHz.78","action":"GetUpdates", "result":"DeleteReceived", "context":{"id":"e6f7995f-c4d7-4891-83a0-beb1269c67a6", "isDeleted:":"true", "version":"1725328814821"}}
{"logTime": "1009/101610", "correlationVector":"R8VDDmx7rUmc7iZlm3kZHz.79","action":"GetUpdates", "result":"DeleteReceived", "context":{"id":"a740d791-35f0-437d-8b6e-88fe4f30913f", "isDeleted:":"true", "version":"1725328814822"}}
{"logTime": "1009/101610", "correlationVector":"R8VDDmx7rUmc7iZlm3kZHz.80","action":"GetUpdates", "result":"DeleteReceived", "context":{"id":"9218e4c1-0cf0-446a-bb39-b640f384a59e", "isDeleted:":"true", "version":"1725328814824"}}
{"logTime": "1009/101610", "correlationVector":"R8VDDmx7rUmc7iZlm3kZHz.81","action":"GetUpdates", "result":"DeleteReceived", "context":{"id":"25c89aee-1a6e-484b-b0c7-7628cd2a723b", "isDeleted:":"true", "version":"1725329676175"}}
{"logTime": "1009/101610", "correlationVector":"R8VDDmx7rUmc7iZlm3kZHz.82","action":"GetUpdates", "result":"DeleteReceived", "context":{"id":"944a139f-7c70-4e34-b576-7e7b5e69e5be", "isDeleted:":"true", "version":"1725329676177"}}
{"logTime": "1009/101610", "correlationVector":"R8VDDmx7rUmc7iZlm3kZHz.83","action":"GetUpdates", "result":"DeleteReceived", "context":{"id":"806204e1-5b2a-429c-b401-744547dc7c37", "isDeleted:":"true", "version":"1725590352287"}}
{"logTime": "1009/101610", "correlationVector":"R8VDDmx7rUmc7iZlm3kZHz.84","action":"GetUpdates", "result":"DeleteReceived", "context":{"id":"bec6ffc2-7c60-4722-8685-95b812fca608", "isDeleted:":"true", "version":"1726676701859"}}
{"logTime": "1009/101610", "correlationVector":"R8VDDmx7rUmc7iZlm3kZHz.85","action":"GetUpdates", "result":"DeleteReceived", "context":{"id":"1f54eae9-d9a9-4590-91d3-1f4e84387cda", "isDeleted:":"true", "version":"1726676701860"}}
{"logTime": "1009/101610", "correlationVector":"R8VDDmx7rUmc7iZlm3kZHz.86","action":"GetUpdates", "result":"DeleteReceived", "context":{"id":"cca75587-d115-404c-a147-c92a5c397cec", "isDeleted:":"true", "version":"1726676701861"}}
{"logTime": "1009/101610", "correlationVector":"R8VDDmx7rUmc7iZlm3kZHz.87","action":"GetUpdates", "result":"DeleteReceived", "context":{"id":"4e04dd7a-97a2-48d9-99fb-b4c9f9dca0a0", "isDeleted:":"true", "version":"1726755429314"}}
{"logTime": "1009/101610", "correlationVector":"R8VDDmx7rUmc7iZlm3kZHz.88","action":"GetUpdates", "result":"DeleteReceived", "context":{"id":"25b6e728-0bea-4bd6-a947-2691cdd1df9f", "isDeleted:":"true", "version":"1726755429319"}}
{"logTime": "1009/101610", "correlationVector":"R8VDDmx7rUmc7iZlm3kZHz.89","action":"GetUpdates", "result":"DeleteReceived", "context":{"id":"a9f90967-344c-4f0f-b44d-aaa631620032", "isDeleted:":"true", "version":"1728396115405"}}
{"logTime": "1009/101610", "correlationVector":"R8VDDmx7rUmc7iZlm3kZHz.90","action":"GetUpdates", "result":"DeleteReceived", "context":{"id":"b4a67cee-9b73-47d9-a8ae-3a7bc2e35b35", "isDeleted:":"true", "version":"1728396115407"}}
{"logTime": "1009/101610", "correlationVector":"R8VDDmx7rUmc7iZlm3kZHz.91","action":"GetUpdates", "result":"DeleteReceived", "context":{"id":"4eb1e728-101b-47cd-a1a8-ea3726c32470", "isDeleted:":"true", "version":"1728396115408"}}
{"logTime": "1009/101610", "correlationVector":"R8VDDmx7rUmc7iZlm3kZHz.92","action":"GetUpdates", "result":"DeleteReceived", "context":{"id":"e5bdea39-bf3d-4de6-8845-d9ca0e04facd", "isDeleted:":"true", "version":"1728396558591"}}
{"logTime": "1009/101610", "correlationVector":"R8VDDmx7rUmc7iZlm3kZHz.93","action":"GetUpdates", "result":"DeleteReceived", "context":{"id":"ed607813-bf48-499e-b17e-ba782bd02d01", "isDeleted:":"true", "version":"1728411026210"}}
{"logTime": "1009/101610", "correlationVector":"R8VDDmx7rUmc7iZlm3kZHz.94","action":"GetUpdates", "result":"DeleteReceived", "context":{"id":"51cdb902-567f-4aac-8892-a8d053db20c9", "isDeleted:":"true", "version":"1728455940462"}}
{"logTime": "1009/101610", "correlationVector":"R8VDDmx7rUmc7iZlm3kZHz.95","action":"GetUpdates", "result":"DeleteReceived", "context":{"id":"759c83ad-8710-43a0-b32a-4dcbd55508aa", "isDeleted:":"true", "version":"1728455940463"}}
{"logTime": "1009/101610", "correlationVector":"R8VDDmx7rUmc7iZlm3kZHz.96","action":"GetUpdates", "result":"DeleteReceived", "context":{"id":"170b8c50-98e6-4774-bfd8-76dbe987d856", "isDeleted:":"true", "version":"1728455940464"}}
{"logTime": "1009/101610", "correlationVector":"R8VDDmx7rUmc7iZlm3kZHz.97","action":"GetUpdates", "result":"DeleteReceived", "context":{"id":"575ac16d-34e7-4cac-bee1-8825b0acd87f", "isDeleted:":"true", "version":"1728455940465"}}
{"logTime": "1009/101610", "correlationVector":"R8VDDmx7rUmc7iZlm3kZHz.98","action":"GetUpdates", "result":"DeleteReceived", "context":{"id":"df35ff34-8916-4faa-ac82-55af33fe8c22", "isDeleted:":"true", "version":"1728455940469"}}
{"logTime": "1009/101610", "correlationVector":"R8VDDmx7rUmc7iZlm3kZHz.99","action":"GetUpdates Response", "result":"Success", "context":Received 216 update(s). cV=R8VDDmx7rUmc7iZlm3kZHz.0;server=GENERAL0300002V;cloudType=Consumer;environment=Prod_SoutheastAsia_000j;migrationStage=MigrationComplete}
{"logTime": "1009/101610", "correlationVector":"kPukiL7+5m2k/818IJx9YG","action":"Normal GetUpdate request", "result":"", "context":cV=kPukiL7+5m2k/818IJx9YG
Nudged types: Sessions, Device Info, User Consents
Refresh requested types: Bookmarks, Preferences, Passwords, Autofill Profiles, Autofill, Typed URLs, Extensions, Sessions, Extension settings, History Delete Directives, Device Info, User Consents, Send Tab To Self, Web Apps, Collection, Edge E Drop, Edge Hub App Usage, Edge Tab Group, Edge Wallet, Encryption Keys}
{"logTime": "1009/101612", "correlationVector":"kPukiL7+5m2k/818IJx9YG.1","action":"SyncServerConnectionManagerRequest", "result":"SYNC_SERVER_OK", "context":{"environment":"Prod_SoutheastAsia_000j", "migrationStage":"MigrationComplete", "server":"GENERAL03000026"}}
{"logTime": "1009/101612", "correlationVector":"kPukiL7+5m2k/818IJx9YG.2","action":"GetUpdates Response", "result":"Success", "context":Received 0 update(s). cV=kPukiL7+5m2k/818IJx9YG.0;server=GENERAL03000026;cloudType=Consumer;environment=Prod_SoutheastAsia_000j;migrationStage=MigrationComplete}
{"logTime": "1009/101612", "correlationVector":"ksYiRDHOqMbHirwM+lgSVa","action":"DoCompareDataConsistency requsted types: ", "result":"Bookmarks, Preferences, Passwords, Typed URLs, Extensions, Extension settings, History Delete Directives, Send Tab To Self, Web Apps, Collection, Edge E Drop, Edge Tab Group, Edge Wallet, Encryption Keys"}
{"logTime": "1009/101612", "correlationVector":"ksYiRDHOqMbHirwM+lgSVa.0","action":"CompareDataConsistency result: ", "result":"Compare result: Encryption Keys is consistent. local entities count is: 1 local entities hash is: pQfzjeAOzseNcuvh8KiBJOd6Zdc="}
{"logTime": "1009/101612", "correlationVector":"ksYiRDHOqMbHirwM+lgSVa.1","action":"CompareDataConsistency result: ", "result":"Compare result: Bookmarks is consistent. local entities count is: 3 local entities hash is: YqD/MOLN42Kjc+o3GJ22Gvlfegg="}
{"logTime": "1009/101612", "correlationVector":"ksYiRDHOqMbHirwM+lgSVa.2","action":"CompareDataConsistency result: ", "result":"Compare result: Preferences is consistent. local entities count is: 53 local entities hash is: pkBNSiOh5dCIUpuCONi8ZetMegI="}
{"logTime": "1009/101612", "correlationVector":"ksYiRDHOqMbHirwM+lgSVa.3","action":"CompareDataConsistency result: ", "result":"Server did not send this Typed URLs local entities count is: 49 local entities hash is: IWf6qZvIh73/QdicKMVXDOD67eM="}
{"logTime": "1009/101612", "correlationVector":"ksYiRDHOqMbHirwM+lgSVa.4","action":"CompareDataConsistency result: ", "result":"Compare result: Extensions is consistent. local entities count is: 0 local entities hash is: "}
{"logTime": "1009/101612", "correlationVector":"ksYiRDHOqMbHirwM+lgSVa.5","action":"CompareDataConsistency result: ", "result":"Compare result: Extension settings is consistent. local entities count is: 0 local entities hash is: "}
{"logTime": "1009/101612", "correlationVector":"ksYiRDHOqMbHirwM+lgSVa.6","action":"CompareDataConsistency result: ", "result":"Compare result: History Delete Directives is consistent. local entities count is: 0 local entities hash is: "}
{"logTime": "1009/101612", "correlationVector":"ksYiRDHOqMbHirwM+lgSVa.7","action":"CompareDataConsistency result: ", "result":"Server did not send this Send Tab To Self local entities count is: 0 local entities hash is: "}
{"logTime": "1009/101612", "correlationVector":"ksYiRDHOqMbHirwM+lgSVa.8","action":"CompareDataConsistency result: ", "result":"Compare result: Web Apps is consistent. local entities count is: 0 local entities hash is: "}
{"logTime": "1009/101612", "correlationVector":"ksYiRDHOqMbHirwM+lgSVa.9","action":"CompareDataConsistency result: ", "result":"Compare result: Collection is consistent. local entities count is: 0 local entities hash is: "}
{"logTime": "1009/101612", "correlationVector":"ksYiRDHOqMbHirwM+lgSVa.10","action":"CompareDataConsistency result: ", "result":"Compare result: Edge E Drop is consistent. local entities count is: 0 local entities hash is: "}
{"logTime": "1009/101612", "correlationVector":"ksYiRDHOqMbHirwM+lgSVa.11","action":"CompareDataConsistency result: ", "result":"Compare result: Edge Tab Group is consistent. local entities count is: 0 local entities hash is: "}
{"logTime": "1009/101612", "correlationVector":"ksYiRDHOqMbHirwM+lgSVa.12","action":"CompareDataConsistency result: ", "result":"Compare result: Edge Wallet is consistent. local entities count is: 0 local entities hash is: "}
{"logTime": "1009/101612", "correlationVector":"ksYiRDHOqMbHirwM+lgSVa.13","action":"CompareDataConsistency result: ", "result":"Compare result: Passwords is consistent. local entities count is: 11 local entities hash is: kXcg0KFS+ZdffBZh7PFivcJ8aec="}
{"logTime": "1009/101612", "correlationVector":"FWdJFWr4WCwRww8PlalAYT","action":"Commit Request", "result":"", "context":Item count: 6
Contributing types: Sessions, Device Info, User Consents, Edge Hub App Usage}
{"logTime": "1009/101613", "correlationVector":"FWdJFWr4WCwRww8PlalAYT.1","action":"SyncServerConnectionManagerRequest", "result":"SYNC_SERVER_OK", "context":{"environment":"Prod_SoutheastAsia_000j", "migrationStage":"MigrationComplete", "server":"GENERAL0300000X"}}
{"logTime": "1009/101613", "correlationVector":"FWdJFWr4WCwRww8PlalAYT.2","action":"Commit Response", "result":"Success", "context":Result: Success. cV=FWdJFWr4WCwRww8PlalAYT.0;server=GENERAL0300000X;cloudType=Consumer;environment=Prod_SoutheastAsia_000j;migrationStage=MigrationComplete}
{"logTime": "1009/101613", "correlationVector":"","action":"DIAGNOSTIC_REQUEST|v1/diagnosticData/Diagnostic.SendCheckResult()|SUCCESS", "result":""}
{"logTime": "1009/101613", "correlationVector":"NInezSsaCz6rosSZQ8b65H","action":"Normal GetUpdate request", "result":"", "context":cV=NInezSsaCz6rosSZQ8b65H
Nudged types: Sessions, Device Info, Edge Hub App Usage}
{"logTime": "1009/101614", "correlationVector":"NInezSsaCz6rosSZQ8b65H.1","action":"SyncServerConnectionManagerRequest", "result":"SYNC_SERVER_OK", "context":{"environment":"Prod_SoutheastAsia_000j", "migrationStage":"MigrationComplete", "server":"GENERAL0300001P"}}
{"logTime": "1009/101614", "correlationVector":"NInezSsaCz6rosSZQ8b65H.2","action":"GetUpdates Response", "result":"Success", "context":Received 4 update(s). cV=NInezSsaCz6rosSZQ8b65H.0;server=GENERAL0300001P;cloudType=Consumer;environment=Prod_SoutheastAsia_000j;migrationStage=MigrationComplete}
{"logTime": "1009/101619", "correlationVector":"dQSrtiGU6kbjeO9N8lTOHn","action":"Commit Request", "result":"", "context":Item count: 9
Contributing types: Preferences, Passwords}
{"logTime": "1009/101622", "correlationVector":"dQSrtiGU6kbjeO9N8lTOHn.1","action":"SyncServerConnectionManagerRequest", "result":"SYNC_SERVER_OK", "context":{"environment":"Prod_SoutheastAsia_000j", "migrationStage":"MigrationComplete", "server":"GENERAL0300002Z"}}
{"logTime": "1009/101622", "correlationVector":"dQSrtiGU6kbjeO9N8lTOHn.2","action":"Commit Response", "result":"Success", "context":Result: Success. cV=dQSrtiGU6kbjeO9N8lTOHn.0;server=GENERAL0300002Z;cloudType=Consumer;environment=Prod_SoutheastAsia_000j;migrationStage=MigrationComplete}
{"logTime": "1009/102104", "correlationVector":"Yv8CPZOENJe2ZP+JygPM/o","action":"Normal GetUpdate request", "result":"", "context":cV=Yv8CPZOENJe2ZP+JygPM/o
Refresh requested types: Bookmarks, Preferences, Passwords, Autofill Profiles, Autofill, Typed URLs, Extensions, Sessions, Extension settings, History Delete Directives, Device Info, User Consents, Send Tab To Self, Web Apps, Collection, Edge E Drop, Edge Hub App Usage, Edge Tab Group, Edge Wallet, Encryption Keys}
{"logTime": "1009/102108", "correlationVector":"Yv8CPZOENJe2ZP+JygPM/o.1","action":"SyncServerConnectionManagerRequest", "result":"SYNC_SERVER_OK", "context":{"environment":"Prod_SoutheastAsia_000j", "migrationStage":"MigrationComplete", "server":"GENERAL0300000Z"}}
{"logTime": "1009/102108", "correlationVector":"Yv8CPZOENJe2ZP+JygPM/o.2","action":"GetUpdates", "result":"DeleteReceived", "context":{"id":"5d367c4f-eb59-4473-aa4e-29cc6fa3709c", "isDeleted:":"true", "version":"1728469018360"}}
{"logTime": "1009/102108", "correlationVector":"Yv8CPZOENJe2ZP+JygPM/o.3","action":"GetUpdates", "result":"DeleteReceived", "context":{"id":"63e17c68-fd29-4f94-8ded-11141bd91bc5", "isDeleted:":"true", "version":"1728469018363"}}
{"logTime": "1009/102108", "correlationVector":"Yv8CPZOENJe2ZP+JygPM/o.4","action":"GetUpdates", "result":"DeleteReceived", "context":{"id":"46d2b474-a481-4836-879d-036fb26ee62a", "isDeleted:":"true", "version":"1728469018364"}}
{"logTime": "1009/102108", "correlationVector":"Yv8CPZOENJe2ZP+JygPM/o.5","action":"GetUpdates", "result":"DeleteReceived", "context":{"id":"764eba80-13ed-4c63-b85b-118d14debc18", "isDeleted:":"true", "version":"1728469018366"}}
{"logTime": "1009/102108", "correlationVector":"Yv8CPZOENJe2ZP+JygPM/o.6","action":"GetUpdates", "result":"DeleteReceived", "context":{"id":"ff3cdf06-f557-44f3-b446-05fe1ad5fbf4", "isDeleted:":"true", "version":"1728469018368"}}
{"logTime": "1009/102108", "correlationVector":"Yv8CPZOENJe2ZP+JygPM/o.7","action":"GetUpdates Response", "result":"Success", "context":Received 20 update(s). cV=Yv8CPZOENJe2ZP+JygPM/o.0;server=GENERAL0300000Z;cloudType=Consumer;environment=Prod_SoutheastAsia_000j;migrationStage=MigrationComplete}
